<?xml version="1.0" encoding="UTF-8"?>
<!-- Generated by org.testng.reporters.JUnitXMLReporter -->
<testsuite ignored="1" hostname="LAPTOP-ATNFO35U" failures="0" tests="4" name="Default test" time="18.906" errors="0" timestamp="17 Feb 2023 06:37:29 GMT">
  <testcase classname="com.fb.test.LoginPageDataTest" name="multipleUsersLoginTest" time="0.367"/>
  <testcase classname="com.fb.test.LoginPageDataTest" name="multipleUsersLoginTest" time="0.265"/>
  <testcase classname="com.fb.test.LoginPageDataTest" name="multipleUsersLoginTest" time="0.435"/>
  <testcase classname="com.fb.test.LoginPageDataTest" name="multipleUsersLoginTest" time="0.358"/>
  <testcase classname="com.fb.test.LoginPageDataTest" name="loginTest" time="0.0">
    <ignored/>
  </testcase> <!-- loginTest -->
</testsuite> <!-- Default test -->
