<?xml version="1.0" encoding="UTF-8"?>
<!-- Generated by org.testng.reporters.JUnitXMLReporter -->
<testsuite ignored="0" hostname="LAPTOP-ATNFO35U" failures="0" tests="8" name="Free FACEBOOK App Test Cases" time="65.009" errors="0" timestamp="16 Feb 2023 09:59:30 GMT">
  <testcase classname="com.fb.test.LoginPageTest" name="loginPageTitleTest" time="0.128"/>
  <testcase classname="com.fb.test.HomePageTest" name="verifyHomePageTitleTest" time="2.892"/>
  <testcase classname="com.fb.test.ProfilePageTest" name="verifyProfilePageTitleTest" time="0.4"/>
  <testcase classname="com.fb.test.LoginPageTest" name="loginTest" time="3.827"/>
  <testcase classname="com.fb.test.HomePageTest" name="verifyFriendsLinkTest" time="4.447"/>
  <testcase classname="com.fb.test.ProfilePageTest" name="verifyAddStoryTest" time="5.176"/>
  <testcase classname="com.fb.test.HomePageTest" name="verifyGroupsLinkTest" time="4.257"/>
  <testcase classname="com.fb.test.HomePageTest" name="verifyProfilePageTest" time="3.788"/>
</testsuite> <!-- Free FACEBOOK App Test Cases -->
