<?xml version="1.0" encoding="UTF-8"?>
<testng-results ignored="1" total="5" passed="4" failed="0" skipped="0">
  <reporter-output>
  </reporter-output>
  <suite started-at="2023-02-17T06:37:10Z" name="Default suite" finished-at="2023-02-17T06:37:29Z" duration-ms="18906">
    <groups>
    </groups>
    <test started-at="2023-02-17T06:37:10Z" name="Default test" finished-at="2023-02-17T06:37:29Z" duration-ms="18906">
      <class name="com.fb.test.LoginPageDataTest">
        <test-method is-config="true" signature="setUp()[pri:0, instance:com.fb.test.LoginPageDataTest@1e7aa82b]" started-at="2023-02-17T12:07:10Z" name="setUp" finished-at="2023-02-17T12:07:14Z" duration-ms="3953" status="PASS">
          <reporter-output>
          </reporter-output>
        </test-method> <!-- setUp -->
        <test-method signature="multipleUsersLoginTest(java.lang.String, java.lang.String)[pri:2, instance:com.fb.test.LoginPageDataTest@1e7aa82b]" started-at="2023-02-17T12:07:14Z" name="multipleUsersLoginTest" data-provider="getLoginTestData" finished-at="2023-02-17T12:07:15Z" duration-ms="367" status="PASS">
          <params>
            <param index="0">
              <value>
                <![CDATA[ adithyasachin123@gmail.com]]>
              </value>
            </param>
            <param index="1">
              <value>
                <![CDATA[Adithya@337]]>
              </value>
            </param>
          </params>
          <reporter-output>
          </reporter-output>
        </test-method> <!-- multipleUsersLoginTest -->
        <test-method is-config="true" signature="setUp()[pri:0, instance:com.fb.test.LoginPageDataTest@1e7aa82b]" started-at="2023-02-17T12:07:15Z" name="setUp" finished-at="2023-02-17T12:07:18Z" duration-ms="2761" status="PASS">
          <reporter-output>
          </reporter-output>
        </test-method> <!-- setUp -->
        <test-method signature="multipleUsersLoginTest(java.lang.String, java.lang.String)[pri:2, instance:com.fb.test.LoginPageDataTest@1e7aa82b]" started-at="2023-02-17T12:07:18Z" name="multipleUsersLoginTest" data-provider="getLoginTestData" finished-at="2023-02-17T12:07:18Z" duration-ms="265" status="PASS">
          <params>
            <param index="0">
              <value>
                <![CDATA[ adithyasachin@gmail.com]]>
              </value>
            </param>
            <param index="1">
              <value>
                <![CDATA[ccc938dad]]>
              </value>
            </param>
          </params>
          <reporter-output>
          </reporter-output>
        </test-method> <!-- multipleUsersLoginTest -->
        <test-method is-config="true" signature="setUp()[pri:0, instance:com.fb.test.LoginPageDataTest@1e7aa82b]" started-at="2023-02-17T12:07:18Z" name="setUp" finished-at="2023-02-17T12:07:24Z" duration-ms="6523" status="PASS">
          <reporter-output>
          </reporter-output>
        </test-method> <!-- setUp -->
        <test-method signature="multipleUsersLoginTest(java.lang.String, java.lang.String)[pri:2, instance:com.fb.test.LoginPageDataTest@1e7aa82b]" started-at="2023-02-17T12:07:24Z" name="multipleUsersLoginTest" data-provider="getLoginTestData" finished-at="2023-02-17T12:07:25Z" duration-ms="435" status="PASS">
          <params>
            <param index="0">
              <value>
                <![CDATA[ adithy122@gmail.com]]>
              </value>
            </param>
            <param index="1">
              <value>
                <![CDATA[adithya]]>
              </value>
            </param>
          </params>
          <reporter-output>
          </reporter-output>
        </test-method> <!-- multipleUsersLoginTest -->
        <test-method is-config="true" signature="setUp()[pri:0, instance:com.fb.test.LoginPageDataTest@1e7aa82b]" started-at="2023-02-17T12:07:25Z" name="setUp" finished-at="2023-02-17T12:07:28Z" duration-ms="3571" status="PASS">
          <reporter-output>
          </reporter-output>
        </test-method> <!-- setUp -->
        <test-method signature="multipleUsersLoginTest(java.lang.String, java.lang.String)[pri:2, instance:com.fb.test.LoginPageDataTest@1e7aa82b]" started-at="2023-02-17T12:07:28Z" name="multipleUsersLoginTest" data-provider="getLoginTestData" finished-at="2023-02-17T12:07:29Z" duration-ms="358" status="PASS">
          <params>
            <param index="0">
              <value>
                <![CDATA[adithyaveldandi143@gmail.com]]>
              </value>
            </param>
            <param index="1">
              <value>
                <![CDATA[Adithya@337]]>
              </value>
            </param>
          </params>
          <reporter-output>
          </reporter-output>
        </test-method> <!-- multipleUsersLoginTest -->
      </class> <!-- com.fb.test.LoginPageDataTest -->
    </test> <!-- Default test -->
  </suite> <!-- Default suite -->
</testng-results>
